0 info it worked if it ends with ok
1 verbose cli [ 'D:\\Program Files\\nodejs\\node.exe',
1 verbose cli   'C:\\Users\\pengteling\\AppData\\Roaming\\npm\\node_modules\\npm\\bin\\npm-cli.js',
1 verbose cli   'run',
1 verbose cli   'build' ]
2 info using npm@3.10.3
3 info using node@v6.10.1
4 verbose run-script [ 'prebuild', 'build', 'postbuild' ]
5 info lifecycle react@1.0.0~prebuild: react@1.0.0
6 silly lifecycle react@1.0.0~prebuild: no script for prebuild, continuing
7 info lifecycle react@1.0.0~build: react@1.0.0
8 verbose lifecycle react@1.0.0~build: unsafe-perm in lifecycle true
9 verbose lifecycle react@1.0.0~build: PATH: C:\Users\pengteling\AppData\Roaming\npm\node_modules\npm\bin\node-gyp-bin;G:\code\react\node_modules\.bin;D:\Program Files\nodejs;C:\Users\pengteling\AppData\Local\GitHub\PortableGit_f02737a78695063deace08e96d5042710d3e32db\cmd;C:\Users\pengteling\AppData\Local\GitHub\PortableGit_f02737a78695063deace08e96d5042710d3e32db\usr\bin;C:\Users\pengteling\AppData\Local\GitHub\PortableGit_f02737a78695063deace08e96d5042710d3e32db\usr\share\git-tfs;C:\Users\pengteling\AppData\Local\Apps\2.0\4EGVTPDO.HX7\5CJQN0X4.LK9\gith..tion_317444273a93ac29_0003.0003_5794af8169eeff14;C:\Users\pengteling\AppData\Local\GitHub\lfs-amd64_1.5.5;C:\Windows\system32;C:\Windows;C:\Windows\System32\Wbem;C:\Windows\System32\WindowsPowerShell\v1.0\;d:\Program Files (x86)\Microsoft SQL Server\100\Tools\Binn\VSShell\Common7\IDE\;d:\Program Files (x86)\Microsoft SQL Server\100\Tools\Binn\;d:\Program Files\Microsoft SQL Server\100\Tools\Binn\;d:\Program Files (x86)\Microsoft SQL Server\100\DTS\Binn\;d:\Program Files\Microsoft SQL Server\100\DTS\Binn\;C:\Ruby22\bin;C:\Program Files (x86)\Git\bin;C:\Program Files (x86)\Git\cmd;D:\Program Files\nodejs\;C:\Users\pengteling\AppData\Local\Apps\2.0\4EGVTPDO.HX7\5CJQN0X4.LK9\gith..tion_317444273a93ac29_0003.0000_c74cce3a838f9354;C:\Program Files (x86)\NVIDIA Corporation\PhysX\Common;C:\Users\pengteling\AppData\Local\Microsoft\WindowsApps;C:\Users\pengteling\AppData\Roaming\npm;C:\Users\pengteling\AppData\Local\atom\bin;C:\Windows\Microsoft.NET\Framework\v4.0.30319\
10 verbose lifecycle react@1.0.0~build: CWD: G:\code\react
11 silly lifecycle react@1.0.0~build: Args: [ '/d /s /c', 'webpack' ]
12 silly lifecycle react@1.0.0~build: Returned: code: 1  signal: null
13 info lifecycle react@1.0.0~build: Failed to exec build script
14 verbose stack Error: react@1.0.0 build: `webpack`
14 verbose stack Exit status 1
14 verbose stack     at EventEmitter.<anonymous> (C:\Users\pengteling\AppData\Roaming\npm\node_modules\npm\lib\utils\lifecycle.js:242:16)
14 verbose stack     at emitTwo (events.js:106:13)
14 verbose stack     at EventEmitter.emit (events.js:191:7)
14 verbose stack     at ChildProcess.<anonymous> (C:\Users\pengteling\AppData\Roaming\npm\node_modules\npm\lib\utils\spawn.js:40:14)
14 verbose stack     at emitTwo (events.js:106:13)
14 verbose stack     at ChildProcess.emit (events.js:191:7)
14 verbose stack     at maybeClose (internal/child_process.js:886:16)
14 verbose stack     at Process.ChildProcess._handle.onexit (internal/child_process.js:226:5)
15 verbose pkgid react@1.0.0
16 verbose cwd G:\code\react
17 error Windows_NT 10.0.14393
18 error argv "D:\\Program Files\\nodejs\\node.exe" "C:\\Users\\pengteling\\AppData\\Roaming\\npm\\node_modules\\npm\\bin\\npm-cli.js" "run" "build"
19 error node v6.10.1
20 error npm  v3.10.3
21 error code ELIFECYCLE
22 error react@1.0.0 build: `webpack`
22 error Exit status 1
23 error Failed at the react@1.0.0 build script 'webpack'.
23 error Make sure you have the latest version of node.js and npm installed.
23 error If you do, this is most likely a problem with the react package,
23 error not with npm itself.
23 error Tell the author that this fails on your system:
23 error     webpack
23 error You can get information on how to open an issue for this project with:
23 error     npm bugs react
23 error Or if that isn't available, you can get their info via:
23 error     npm owner ls react
23 error There is likely additional logging output above.
24 verbose exit [ 1, true ]
